<?xml version="1.0" encoding="UTF-8"?>
<testsuite name="de.generics.GenericsTest" tests="1" skipped="0" failures="0" errors="0" timestamp="2019-10-14T10:07:16" hostname="B-NB28941" time="0.003">
  <properties/>
  <testcase name="testSimpleGeneric" classname="de.generics.GenericsTest" time="0.003"/>
  <system-out><![CDATA[]]></system-out>
  <system-err><![CDATA[]]></system-err>
</testsuite>
